make --dry-run --keep-going --print-directory
make: Entering directory '/home/firizky29/Documents/tubes/TubesAlstrukdat'
 
rm -rf build/* bin/*
mkdir -p build/src/lib/tools/mesin-kata/
gcc -g -Wall -std=c99 -c -Isrc/lib src/lib/tools/mesin-kata/wordmachine.c -o build/src/lib/tools/mesin-kata/wordmachine.o
mkdir -p build/src/lib/tools/mesin-karakter/
gcc -g -Wall -std=c99 -c -Isrc/lib src/lib/tools/mesin-karakter/charmachine.c -o build/src/lib/tools/mesin-karakter/charmachine.o
mkdir -p build/src/lib/tools/pcolor/
gcc -g -Wall -std=c99 -c -Isrc/lib src/lib/tools/pcolor/pcolor.c -o build/src/lib/tools/pcolor/pcolor.o
mkdir -p build/src/lib/data-structure/matriks/
gcc -g -Wall -std=c99 -c -Isrc/lib src/lib/data-structure/matriks/matrix.c -o build/src/lib/data-structure/matriks/matrix.o
mkdir -p build/src/lib/data-structure/list-dinamis/
gcc -g -Wall -std=c99 -c -Isrc/lib src/lib/data-structure/list-dinamis/listdin.c -o build/src/lib/data-structure/list-dinamis/listdin.o
mkdir -p build/src/lib/data-structure/point/
gcc -g -Wall -std=c99 -c -Isrc/lib src/lib/data-structure/point/point.c -o build/src/lib/data-structure/point/point.o
mkdir -p build/src/
gcc -g -Wall -std=c99 -c -Isrc/lib src/main.c -o build/src/main.o
mkdir -p bin
gcc build/src/lib/tools/mesin-kata/wordmachine.o build/src/lib/tools/mesin-karakter/charmachine.o build/src/lib/tools/pcolor/pcolor.o build/src/lib/data-structure/matriks/matrix.o build/src/lib/data-structure/list-dinamis/listdin.o build/src/lib/data-structure/point/point.o build/src/main.o -o bin/mobilita -lm -O3
make: Leaving directory '/home/firizky29/Documents/tubes/TubesAlstrukdat'
 
