make all --print-data-base --no-builtin-variables --no-builtin-rules --question
# GNU Make 4.2.1
# Built for x86_64-pc-linux-gnu
# Copyright (C) 1988-2016 Free Software Foundation, Inc.
# License GPLv3+: GNU GPL version 3 or later <http://gnu.org/licenses/gpl.html>
# This is free software: you are free to change and redistribute it.
# There is NO WARRANTY, to the extent permitted by law.

# Make data base, printed on Wed Nov  3 19:50:24 2021

# Variables

# 'override' directive
GNUMAKEFLAGS := 
# automatic
<D = $(patsubst %/,%,$(dir $<))
# automatic
?F = $(notdir $?)
# environment
DESKTOP_SESSION = ubuntu
# default
.SHELLFLAGS := -c
# environment
XDG_SESSION_CLASS = user
# makefile (from 'Makefile', line 5)
BUILD_FLAG = -lm
# environment
XDG_SESSION_TYPE = x11
# environment
VSCODE_LOG_NATIVE = false
# makefile (from 'Makefile', line 6)
TARGET = Mobilita
# automatic
?D = $(patsubst %/,%,$(dir $?))
# environment
IM_CONFIG_PHASE = 1
# automatic
@D = $(patsubst %/,%,$(dir $@))
# environment
XAUTHORITY = /run/user/1000/gdm/Xauthority
# environment
GDMSESSION = ubuntu
# environment
XMODIFIERS = @im=ibus
# makefile
CURDIR := /home/firizky29/Documents/tubes/TubesAlstrukdat
# makefile
SHELL = /bin/sh
# environment
VSCODE_NLS_CONFIG = {"locale":"en-us","availableLanguages":{},"_languagePackSupport":true}
# environment
_ = /usr/share/code/code
# environment
JOURNAL_STREAM = 8:33443
# environment
XDG_CONFIG_DIRS = /etc/xdg/xdg-ubuntu:/etc/xdg
# makefile (from 'Makefile', line 1)
MAKEFILE_LIST :=  Makefile
# automatic
@F = $(notdir $@)
# environment
GIO_LAUNCHED_DESKTOP_FILE = /usr/share/applications/code.desktop
# environment
USERNAME = firizky29
# environment
MAKELEVEL := 0
# environment
XDG_DATA_DIRS = /usr/share/ubuntu:/usr/local/share/:/usr/share/:/var/lib/snapd/desktop
# makefile (from 'Makefile', line 17)
DRIVER_OBJ := obj/src/lib/tools/mesin-kata/wordmachine.o obj/src/lib/tools/mesin-karakter/charmachine.o obj/src/lib/tools/pcolor/pcolor.o obj/src/lib/state/save-state/savestate.o obj/src/lib/state/load-state/loadstate.o obj/src/lib/state/cur-state/command.o obj/src/lib/state/init/initstate.o obj/src/lib/scene/map/map.o obj/src/lib/data-structure/matriks/matrix.o obj/src/lib/data-structure/list-dinamis/listdin.o obj/src/lib/data-structure/stack/stack.o obj/src/lib/data-structure/point/point.o
# environment
DBUS_SESSION_BUS_ADDRESS = unix:path=/run/user/1000/bus
# environment
VSCODE_VERBOSE_LOGGING = true
# makefile (from 'Makefile', line 15)
OBJS := obj/./src/main.o obj/./src/lib/tools/mesin-kata/driver_machine.o obj/./src/lib/tools/mesin-kata/wordmachine.o obj/./src/lib/tools/mesin-karakter/charmachine.o obj/./src/lib/tools/pcolor/driver_pcolor.o obj/./src/lib/tools/pcolor/pcolor.o obj/./src/lib/state/save-state/savestate.o obj/./src/lib/state/load-state/loadstate.o obj/./src/lib/state/cur-state/command.o obj/./src/lib/state/init/initstate.o obj/./src/lib/scene/map/map.o obj/./src/lib/data-structure/matriks/matrix.o obj/./src/lib/data-structure/list-dinamis/listdin.o obj/./src/lib/data-structure/stack/stack.o obj/./src/lib/data-structure/point/point.o
# environment
MANAGERPID = 1209
# environment
LESSOPEN = | /usr/bin/lesspipe %s
# environment
LC_NAME = id_ID.UTF-8
# environment
VSCODE_CWD = /home/firizky29
# default
MAKE_HOST := x86_64-pc-linux-gnu
# environment
PATH = /usr/local/sbin:/usr/local/bin:/usr/sbin:/usr/bin:/sbin:/bin:/usr/games:/usr/local/games:/snap/bin
# makefile (from 'Makefile', line 12)
TARGET_DIR = ./bin/$(TARGET)
# environment
GPG_AGENT_INFO = /run/user/1000/gnupg/S.gpg-agent:0:1
# environment
GJS_DEBUG_OUTPUT = stderr
# environment
SESSION_MANAGER = local/Zuki29:@/tmp/.ICE-unix/1456,unix/Zuki29:/tmp/.ICE-unix/1456
# environment
XDG_RUNTIME_DIR = /run/user/1000
# environment
XDG_MENU_PREFIX = gnome-
# environment
VSCODE_LOG_STACK = false
# environment
VSCODE_CRASH_REPORTER_START_OPTIONS = {"companyName":"Microsoft","productName":"VSCode","submitURL":"appcenter://code?aid=fba07a4d-84bd-4fc8-a125-9640fc8ce171&uid=e3736fb0-0acb-4ac0-833f-2abbc4d01470&iid=e3736fb0-0acb-4ac0-833f-2abbc4d01470&sid=e3736fb0-0acb-4ac0-833f-2abbc4d01470","uploadToServer":true}
# environment
INVOCATION_ID = f0963a4c7e574c5b94dd684977071ab0
# default
.FEATURES := target-specific order-only second-expansion else-if shortest-stem undefine oneshell archives jobserver output-sync check-symlink load
# environment
LS_COLORS = 
# environment
XDG_SESSION_DESKTOP = ubuntu
# environment
SSH_AUTH_SOCK = /run/user/1000/keyring/ssh
# environment
GIO_LAUNCHED_DESKTOP_FILE_PID = 7685
# automatic
%F = $(notdir $%)
# environment
DISPLAY = :0
# environment
VSCODE_PIPE_LOGGING = true
# environment
PWD = /home/firizky29/Documents/tubes/TubesAlstrukdat
# default
.LOADED := 
# environment
SSH_AGENT_PID = 1422
# environment
ORIGINAL_XDG_CURRENT_DESKTOP = ubuntu:GNOME
# environment
GTK_MODULES = gail:atk-bridge
# environment
VSCODE_AMD_ENTRYPOINT = vs/workbench/services/extensions/node/extensionHostProcess
# environment
HOME = /home/firizky29
# environment
LESSCLOSE = /usr/bin/lesspipe %s %s
# environment
VSCODE_CODE_CACHE_PATH = /home/firizky29/.config/Code/CachedData/6cba118ac49a1b88332f312a8f67186f7f3c1643
# environment
LOGNAME = firizky29
# environment
APPLICATION_INSIGHTS_NO_DIAGNOSTIC_CHANNEL = true
# automatic
+F = $(notdir $+)
# makefile (from 'Makefile', line 4)
CFLAG = -Wall -std=c99
# environment
VSCODE_HANDLES_UNCAUGHT_ERRORS = true
# environment
GNOME_DESKTOP_SESSION_ID = this-is-deprecated
# automatic
^D = $(patsubst %/,%,$(dir $^))
# environment
LC_TIME = id_ID.UTF-8
# makefile (from 'Makefile', line 11)
BIN_SRC_DIR = ./bin/src
# makefile (from 'Makefile', line 16)
DRIVER_SRC := src/lib/tools/mesin-kata/wordmachine.c src/lib/tools/mesin-karakter/charmachine.c src/lib/tools/pcolor/pcolor.c src/lib/state/save-state/savestate.c src/lib/state/load-state/loadstate.c src/lib/state/cur-state/command.c src/lib/state/init/initstate.c src/lib/scene/map/map.c src/lib/data-structure/matriks/matrix.c src/lib/data-structure/list-dinamis/listdin.c src/lib/data-structure/stack/stack.c src/lib/data-structure/point/point.c
# default
MAKE = $(MAKE_COMMAND)
# default
MAKECMDGOALS := all
# environment
QT_IM_MODULE = ibus
# makefile (from 'Makefile', line 14)
SRCS := ./src/main.c ./src/lib/tools/mesin-kata/driver_machine.c ./src/lib/tools/mesin-kata/wordmachine.c ./src/lib/tools/mesin-karakter/charmachine.c ./src/lib/tools/pcolor/driver_pcolor.c ./src/lib/tools/pcolor/pcolor.c ./src/lib/state/save-state/savestate.c ./src/lib/state/load-state/loadstate.c ./src/lib/state/cur-state/command.c ./src/lib/state/init/initstate.c ./src/lib/scene/map/map.c ./src/lib/data-structure/matriks/matrix.c ./src/lib/data-structure/list-dinamis/listdin.c ./src/lib/data-structure/stack/stack.c ./src/lib/data-structure/point/point.c
# environment
SHLVL = 0
# makefile (from 'Makefile', line 1)
CC = gcc
# environment
GNOME_SHELL_SESSION_MODE = ubuntu
# environment
VSCODE_IPC_HOOK_EXTHOST = /run/user/1000/vscode-ipc-2c402e9a-fbe3-423c-b48b-c01ab6aaace9.sock
# default
MAKE_VERSION := 4.2.1
# environment
USER = firizky29
# environment
LC_MONETARY = id_ID.UTF-8
# makefile
.DEFAULT_GOAL := all
# environment
XDG_CURRENT_DESKTOP = Unity
# automatic
%D = $(patsubst %/,%,$(dir $%))
# environment
LC_TELEPHONE = id_ID.UTF-8
# default
MAKE_COMMAND := make
# makefile (from 'Makefile', line 7)
INC = -Isrc/lib -Itest
# default
.VARIABLES := 
# automatic
*F = $(notdir $*)
# environment
VSCODE_IPC_HOOK = /run/user/1000/vscode-e57d2ee8-1.61.2-main.sock
# makefile
MAKEFLAGS = pqrR
# environment
MFLAGS = -pqrR
# automatic
*D = $(patsubst %/,%,$(dir $*))
# environment
BREAKPAD_DUMP_LOCATION = /home/firizky29/.config/Code/exthost Crash Reports
# automatic
+D = $(patsubst %/,%,$(dir $+))
# environment
GDK_BACKEND = x11
# environment
LC_PAPER = id_ID.UTF-8
# environment
QT_ACCESSIBILITY = 1
# 'override' directive
.SHELLSTATUS := 0
# default
MAKEFILES := 
# environment
LC_NUMERIC = id_ID.UTF-8
# automatic
<F = $(notdir $<)
# environment
ELECTRON_RUN_AS_NODE = 1
# environment
LC_MEASUREMENT = id_ID.UTF-8
# environment
LC_ALL = C
# makefile (from 'Makefile', line 10)
OBJ_SRC_DIR = ./obj/src
# environment
GJS_DEBUG_TOPICS = JS ERROR;JS LOG
# automatic
^F = $(notdir $^)
# default
SUFFIXES := 
# environment
CHROME_DESKTOP = code-url-handler.desktop
# environment
WINDOWPATH = 2
# default
.INCLUDE_DIRS = /usr/include /usr/local/include /usr/include
# environment
LC_IDENTIFICATION = id_ID.UTF-8
# default
.RECIPEPREFIX := 
# environment
LC_ADDRESS = id_ID.UTF-8
# environment
LANG = C
# environment
VSCODE_PID = 7685
# variable set hash-table stats:
# Load=121/1024=12%, Rehash=0, Collisions=23/168=14%

# Pattern-specific Variable Values

# No pattern-specific variable values.

# Directories

# . (device 2053, inode 1183300): 11 files, no impossibilities.
# src (device 2053, inode 1195944): No files, no impossibilities so far.

# 11 files, no impossibilities in 2 directories.

# Implicit Rules

obj/src%.o: src/%.c src/%.h
#  recipe to execute (from 'Makefile', line 21):
	@mkdir -p $(dir $@)
	@$(CC) -g $(CFLAG) -c $(INC) $< -o $@

obj/src%.o: src/%.c
#  recipe to execute (from 'Makefile', line 25):
	@mkdir -p $(dir $@)
	@$(CC) -g $(CFLAG) -c $(INC) $< -o $@

# 2 implicit rules, 0 (0.0%) terminal.

# Files

# Not a target:
obj/src/lib/data-structure/matriks/matrix.o:
#  Implicit rule search has not been done.
#  Modification time never checked.
#  File has not been updated.

clear:
#  Phony target (prerequisite of .PHONY).
#  Implicit rule search has not been done.
#  Implicit/static pattern stem: ''
#  File does not exist.
#  File has been updated.
#  Needs to be updated (-q is set).
# automatic
# @ := clear
# automatic
# % := 
# automatic
# * := 
# automatic
# + := 
# automatic
# | := 
# automatic
# < := 
# automatic
# ^ := 
# automatic
# ? := 
# variable set hash-table stats:
# Load=8/32=25%, Rehash=0, Collisions=1/11=9%
#  recipe to execute (from 'Makefile', line 31):
	@rm -rf obj/* bin/*

# Not a target:
obj/src/lib/scene/map/map.o:
#  Implicit rule search has not been done.
#  Modification time never checked.
#  File has not been updated.

all: clear build run
#  Phony target (prerequisite of .PHONY).
#  Command line target.
#  Implicit rule search has not been done.
#  File does not exist.
#  File has been updated.
#  Needs to be updated (-q is set).
# variable set hash-table stats:
# Load=0/32=0%, Rehash=0, Collisions=0/3=0%

# Not a target:
obj/src/lib/state/load-state/loadstate.o:
#  Implicit rule search has not been done.
#  Modification time never checked.
#  File has not been updated.

# Not a target:
obj/src/lib/data-structure/point/point.o:
#  Implicit rule search has not been done.
#  Modification time never checked.
#  File has not been updated.

# Not a target:
obj/src/lib/tools/mesin-kata/wordmachine.o:
#  Implicit rule search has not been done.
#  Modification time never checked.
#  File has not been updated.

# Not a target:
.SUFFIXES:
#  Implicit rule search has not been done.
#  Modification time never checked.
#  File has not been updated.

# Not a target:
Makefile:
#  Implicit rule search has been done.
#  Last modified 2021-11-01 16:01:11.655547965
#  File has been updated.
#  Successfully updated.

# Not a target:
obj/src/lib/tools/mesin-karakter/charmachine.o:
#  Implicit rule search has not been done.
#  Modification time never checked.
#  File has not been updated.

debug:
#  Phony target (prerequisite of .PHONY).
#  Implicit rule search has not been done.
#  File does not exist.
#  File has not been updated.

# Not a target:
obj/src/lib/state/save-state/savestate.o:
#  Implicit rule search has not been done.
#  Modification time never checked.
#  File has not been updated.

build: bin/Mobilita
#  Phony target (prerequisite of .PHONY).
#  Implicit rule search has not been done.
#  File does not exist.
#  File has not been updated.

bin/Mobilita: obj/src/lib/tools/mesin-kata/wordmachine.o obj/src/lib/tools/mesin-karakter/charmachine.o obj/src/lib/tools/pcolor/pcolor.o obj/src/lib/state/save-state/savestate.o obj/src/lib/state/load-state/loadstate.o obj/src/lib/state/cur-state/command.o obj/src/lib/state/init/initstate.o obj/src/lib/scene/map/map.o obj/src/lib/data-structure/matriks/matrix.o obj/src/lib/data-structure/list-dinamis/listdin.o obj/src/lib/data-structure/stack/stack.o obj/src/lib/data-structure/point/point.o obj/src/main.o
#  Implicit rule search has not been done.
#  Modification time never checked.
#  File has not been updated.
#  recipe to execute (from 'Makefile', line 38):
	@mkdir -p bin
	@$(CC) $^ -o $@ $(BUILD_FLAG) -O3

.PHONY: clear all build run clean debug vscode
#  Implicit rule search has not been done.
#  Modification time never checked.
#  File has not been updated.

# Not a target:
obj/src/lib/state/init/initstate.o:
#  Implicit rule search has not been done.
#  Modification time never checked.
#  File has not been updated.

# Not a target:
.DEFAULT:
#  Implicit rule search has not been done.
#  Modification time never checked.
#  File has not been updated.

run: build
#  Phony target (prerequisite of .PHONY).
#  Implicit rule search has not been done.
#  File does not exist.
#  File has not been updated.
#  recipe to execute (from 'Makefile', line 44):
	@$(TARGET_DIR)

clean: clear
#  Phony target (prerequisite of .PHONY).
#  Implicit rule search has not been done.
#  File does not exist.
#  File has not been updated.

vscode:
#  Phony target (prerequisite of .PHONY).
#  Implicit rule search has not been done.
#  File does not exist.
#  File has not been updated.

bin/src: obj/src/lib/tools/mesin-kata/wordmachine.o obj/src/lib/tools/mesin-karakter/charmachine.o obj/src/lib/tools/pcolor/pcolor.o obj/src/lib/state/save-state/savestate.o obj/src/lib/state/load-state/loadstate.o obj/src/lib/state/cur-state/command.o obj/src/lib/state/init/initstate.o obj/src/lib/scene/map/map.o obj/src/lib/data-structure/matriks/matrix.o obj/src/lib/data-structure/list-dinamis/listdin.o obj/src/lib/data-structure/stack/stack.o obj/src/lib/data-structure/point/point.o
#  Implicit rule search has not been done.
#  Modification time never checked.
#  File has not been updated.
#  recipe to execute (from 'Makefile', line 34):
	@mkdir -p bin
	@$(CC) -g $^ -o $@ $(BUILD_FLAG) $(TEST_FLAG)

# Not a target:
obj/src/lib/data-structure/list-dinamis/listdin.o:
#  Implicit rule search has not been done.
#  Modification time never checked.
#  File has not been updated.

# Not a target:
obj/src/lib/data-structure/stack/stack.o:
#  Implicit rule search has not been done.
#  Modification time never checked.
#  File has not been updated.

# Not a target:
obj/src/lib/state/cur-state/command.o:
#  Implicit rule search has not been done.
#  Modification time never checked.
#  File has not been updated.

# Not a target:
obj/src/lib/tools/pcolor/pcolor.o:
#  Implicit rule search has not been done.
#  Modification time never checked.
#  File has not been updated.

# Not a target:
obj/src/main.o:
#  Implicit rule search has not been done.
#  Modification time never checked.
#  File has not been updated.

# files hash-table stats:
# Load=26/1024=3%, Rehash=0, Collisions=2/79=3%
# VPATH Search Paths

# No 'vpath' search paths.

# No general ('VPATH' variable) search path.

# strcache buffers: 1 (0) / strings = 41 / storage = 701 B / avg = 17 B
# current buf: size = 8162 B / used = 701 B / count = 41 / avg = 17 B

# strcache performance: lookups = 81 / hit rate = 49%
# hash-table stats:
# Load=41/8192=1%, Rehash=0, Collisions=1/81=1%
# Finished Make data base on Wed Nov  3 19:50:24 2021

 
